<?xml version="1.0" encoding="UTF-8"?>
<testng-results skipped="0" failed="0" ignored="0" total="1" passed="1">
  <reporter-output>
  </reporter-output>
  <suite name="Default suite" duration-ms="400" started-at="2022-03-11T15:39:53Z" finished-at="2022-03-11T15:39:53Z">
    <groups>
    </groups>
    <test name="Default test" duration-ms="400" started-at="2022-03-11T15:39:53Z" finished-at="2022-03-11T15:39:53Z">
      <class name="DemoGit.DemoGitt">
        <test-method status="PASS" signature="demo()[pri:0, instance:DemoGit.DemoGitt@5034c75a]" name="demo" duration-ms="37" started-at="2022-03-11T15:39:53Z" finished-at="2022-03-11T15:39:53Z">
          <reporter-output>
          </reporter-output>
        </test-method> <!-- demo -->
      </class> <!-- DemoGit.DemoGitt -->
    </test> <!-- Default test -->
  </suite> <!-- Default suite -->
</testng-results>
