<?xml version="1.0" encoding="UTF-8"?>
<testng-results skipped="0" failed="0" ignored="0" total="1" passed="1">
  <reporter-output>
  </reporter-output>
  <suite name="Default suite" duration-ms="99" started-at="2022-03-11T17:44:22Z" finished-at="2022-03-11T17:44:22Z">
    <groups>
    </groups>
    <test name="Default test" duration-ms="99" started-at="2022-03-11T17:44:22Z" finished-at="2022-03-11T17:44:22Z">
      <class name="DemoGit.Sample">
        <test-method status="PASS" signature="demo()[pri:0, instance:DemoGit.Sample@5034c75a]" name="demo" duration-ms="14" started-at="2022-03-11T17:44:22Z" finished-at="2022-03-11T17:44:22Z">
          <reporter-output>
          </reporter-output>
        </test-method> <!-- demo -->
      </class> <!-- DemoGit.Sample -->
    </test> <!-- Default test -->
  </suite> <!-- Default suite -->
</testng-results>
